# JRE version: OpenJDK Runtime Environment (21.0.6) (build 21.0.6+-13368085-b895.109)
# Java VM: OpenJDK 64-Bit Server VM (21.0.6+-13368085-b895.109, mixed mode, tiered, compressed oops, compressed class ptrs, g1 gc, windows-amd64)
GC Precious Log:
 CardTable entry size: 512
 Card Set container configuration: InlinePtr #cards 5 size 8 Array Of Cards #cards 12 size 40 Howl #buckets 4 coarsen threshold 1843 Howl Bitmap #cards 512 size 80 coarsen threshold 460 Card regions per heap region 1 cards per card region 2048
 CPUs: 4 total, 4 available
 Memory: 12140M
 Large Page Support: Disabled
 NUMA Support: Disabled
 Compressed Oops: Enabled (32-bit)
 Heap Region Size: 1M
 Heap Min Capacity: 8M
 Heap Initial Capacity: 190M
 Heap Max Capacity: 2G
 Pre-touch: Disabled
 Parallel Workers: 4
 Concurrent Workers: 1
 Concurrent Refinement Workers: 4
 Periodic GC: Disabled
Heap:
 garbage-first heap   total 493568K, used 376832K [0x0000000080000000, 0x0000000100000000)
  region size 1024K, 10 young (10240K), 10 survivors (10240K)
 Metaspace       used 151416K, committed 153600K, reserved 1245184K
  class space    used 19410K, committed 20480K, reserved 1048576K
GC Heap History (20 events):
Event: 137.882 GC heap after
{Heap after GC invocations=60 (full 0):
 garbage-first heap   total 282624K, used 154339K [0x0000000080000000, 0x0000000100000000)
  region size 1024K, 2 young (2048K), 2 survivors (2048K)
 Metaspace       used 146795K, committed 148992K, reserved 1179648K
  class space    used 19142K, committed 20224K, reserved 1048576K
}
Event: 1711.052 GC heap before
{Heap before GC invocations=60 (full 0):
 garbage-first heap   total 282624K, used 259811K [0x0000000080000000, 0x0000000100000000)
  region size 1024K, 106 young (108544K), 2 survivors (2048K)
 Metaspace       used 150831K, committed 153024K, reserved 1245184K
  class space    used 19400K, committed 20480K, reserved 1048576K
}
Event: 1711.065 GC heap after
{Heap after GC invocations=61 (full 0):
 garbage-first heap   total 282624K, used 159727K [0x0000000080000000, 0x0000000100000000)
  region size 1024K, 7 young (7168K), 7 survivors (7168K)
 Metaspace       used 150831K, committed 153024K, reserved 1245184K
  class space    used 19400K, committed 20480K, reserved 1048576K
}
Event: 1713.563 GC heap before
{Heap before GC invocations=62 (full 0):
 garbage-first heap   total 282624K, used 278511K [0x0000000080000000, 0x0000000100000000)
  region size 1024K, 105 young (107520K), 7 survivors (7168K)
 Metaspace       used 151096K, committed 153344K, reserved 1245184K
  class space    used 19402K, committed 20480K, reserved 1048576K
}
Event: 1713.590 GC heap after
{Heap after GC invocations=63 (full 0):
 garbage-first heap   total 291840K, used 166912K [0x0000000080000000, 0x0000000100000000)
  region size 1024K, 12 young (12288K), 12 survivors (12288K)
 Metaspace       used 151096K, committed 153344K, reserved 1245184K
  class space    used 19402K, committed 20480K, reserved 1048576K
}
Event: 1714.252 GC heap before
{Heap before GC invocations=63 (full 0):
 garbage-first heap   total 291840K, used 290816K [0x0000000080000000, 0x0000000100000000)
  region size 1024K, 44 young (45056K), 12 survivors (12288K)
 Metaspace       used 151253K, committed 153472K, reserved 1245184K
  class space    used 19408K, committed 20480K, reserved 1048576K
}
Event: 1714.297 GC heap after
{Heap after GC invocations=64 (full 0):
 garbage-first heap   total 319488K, used 208373K [0x0000000080000000, 0x0000000100000000)
  region size 1024K, 14 young (14336K), 14 survivors (14336K)
 Metaspace       used 151253K, committed 153472K, reserved 1245184K
  class space    used 19408K, committed 20480K, reserved 1048576K
}
Event: 1714.439 GC heap before
{Heap before GC invocations=64 (full 0):
 garbage-first heap   total 319488K, used 223733K [0x0000000080000000, 0x0000000100000000)
  region size 1024K, 31 young (31744K), 14 survivors (14336K)
 Metaspace       used 151254K, committed 153472K, reserved 1245184K
  class space    used 19408K, committed 20480K, reserved 1048576K
}
Event: 1714.466 GC heap after
{Heap after GC invocations=65 (full 0):
 garbage-first heap   total 319488K, used 216064K [0x0000000080000000, 0x0000000100000000)
  region size 1024K, 7 young (7168K), 7 survivors (7168K)
 Metaspace       used 151254K, committed 153472K, reserved 1245184K
  class space    used 19408K, committed 20480K, reserved 1048576K
}
Event: 1715.249 GC heap before
{Heap before GC invocations=66 (full 0):
 garbage-first heap   total 367616K, used 287744K [0x0000000080000000, 0x0000000100000000)
  region size 1024K, 72 young (73728K), 7 survivors (7168K)
 Metaspace       used 151254K, committed 153472K, reserved 1245184K
  class space    used 19408K, committed 20480K, reserved 1048576K
}
Event: 1715.339 GC heap after
{Heap after GC invocations=67 (full 0):
 garbage-first heap   total 367616K, used 247808K [0x0000000080000000, 0x0000000100000000)
  region size 1024K, 9 young (9216K), 9 survivors (9216K)
 Metaspace       used 151254K, committed 153472K, reserved 1245184K
  class space    used 19408K, committed 20480K, reserved 1048576K
}
Event: 1716.118 GC heap before
{Heap before GC invocations=67 (full 0):
 garbage-first heap   total 367616K, used 315392K [0x0000000080000000, 0x0000000100000000)
  region size 1024K, 75 young (76800K), 9 survivors (9216K)
 Metaspace       used 151382K, committed 153600K, reserved 1245184K
  class space    used 19410K, committed 20480K, reserved 1048576K
}
Event: 1716.233 GC heap after
{Heap after GC invocations=68 (full 0):
 garbage-first heap   total 367616K, used 275456K [0x0000000080000000, 0x0000000100000000)
  region size 1024K, 10 young (10240K), 10 survivors (10240K)
 Metaspace       used 151382K, committed 153600K, reserved 1245184K
  class space    used 19410K, committed 20480K, reserved 1048576K
}
Event: 1716.742 GC heap before
{Heap before GC invocations=68 (full 0):
 garbage-first heap   total 367616K, used 322560K [0x0000000080000000, 0x0000000100000000)
  region size 1024K, 56 young (57344K), 10 survivors (10240K)
 Metaspace       used 151388K, committed 153600K, reserved 1245184K
  class space    used 19410K, committed 20480K, reserved 1048576K
}
Event: 1716.828 GC heap after
{Heap after GC invocations=69 (full 0):
 garbage-first heap   total 367616K, used 297472K [0x0000000080000000, 0x0000000100000000)
  region size 1024K, 7 young (7168K), 7 survivors (7168K)
 Metaspace       used 151388K, committed 153600K, reserved 1245184K
  class space    used 19410K, committed 20480K, reserved 1048576K
}
Event: 1718.261 GC heap before
{Heap before GC invocations=70 (full 0):
 garbage-first heap   total 493568K, used 328192K [0x0000000080000000, 0x0000000100000000)
  region size 1024K, 40 young (40960K), 7 survivors (7168K)
 Metaspace       used 151394K, committed 153600K, reserved 1245184K
  class space    used 19410K, committed 20480K, reserved 1048576K
}
Event: 1718.303 GC heap after
{Heap after GC invocations=71 (full 0):
 garbage-first heap   total 493568K, used 312832K [0x0000000080000000, 0x0000000100000000)
  region size 1024K, 5 young (5120K), 5 survivors (5120K)
 Metaspace       used 151394K, committed 153600K, reserved 1245184K
  class space    used 19410K, committed 20480K, reserved 1048576K
}
Event: 1719.232 GC heap before
{Heap before GC invocations=71 (full 0):
 garbage-first heap   total 493568K, used 398848K [0x0000000080000000, 0x0000000100000000)
  region size 1024K, 90 young (92160K), 5 survivors (5120K)
 Metaspace       used 151397K, committed 153600K, reserved 1245184K
  class space    used 19410K, committed 20480K, reserved 1048576K
}
Event: 1719.352 GC heap after
{Heap after GC invocations=72 (full 0):
 garbage-first heap   total 493568K, used 354816K [0x0000000080000000, 0x0000000100000000)
  region size 1024K, 12 young (12288K), 12 survivors (12288K)
 Metaspace       used 151397K, committed 153600K, reserved 1245184K
  class space    used 19410K, committed 20480K, reserved 1048576K
}
Event: 1719.733 GC heap before
{Heap before GC invocations=72 (full 0):
 garbage-first heap   total 493568K, used 401920K [0x0000000080000000, 0x0000000100000000)
  region size 1024K, 60 young (61440K), 12 survivors (12288K)
 Metaspace       used 151416K, committed 153600K, reserved 1245184K
  class space    used 19410K, committed 20480K, reserved 1048576K
}

